android-app/app/build/intermediates/manifest_merge_blame_file/debug/manifest-merger-blame-debug-report.txt
1<?xml version="1.0" encoding="utf-8"?>
2<manifest xmlns:android="http://schemas.android.com/apk/res/android"
3    package="com.bombest.music"
4    android:versionCode="1"
5    android:versionName="1.0" >
6
7    <uses-sdk
8        android:minSdkVersion="24"
9        android:targetSdkVersion="34" />
10
11    <uses-permission android:name="android.permission.INTERNET" />
11-->src/main/AndroidManifest.xml:5:5-67
11-->src/main/AndroidManifest.xml:5:22-64
12    <uses-permission android:name="android.permission.FOREGROUND_SERVICE" />
12-->src/main/AndroidManifest.xml:6:5-77
12-->src/main/AndroidManifest.xml:6:22-74
13    <uses-permission android:name="android.permission.FOREGROUND_SERVICE_MEDIA_PLAYBACK" />
13-->src/main/AndroidManifest.xml:7:5-92
13-->src/main/AndroidManifest.xml:7:22-89
14    <uses-permission android:name="android.permission.RECORD_AUDIO" />
14-->src/main/AndroidManifest.xml:8:5-71
14-->src/main/AndroidManifest.xml:8:22-68
15    <uses-permission android:name="android.permission.WAKE_LOCK" />
15-->src/main/AndroidManifest.xml:9:5-68
15-->src/main/AndroidManifest.xml:9:22-65
16    <uses-permission android:name="android.permission.ACCESS_NETWORK_STATE" />
16-->[androidx.media3:media3-common:1.2.1] AndroidManifest.xml:22:5-79
16-->[androidx.media3:media3-common:1.2.1] AndroidManifest.xml:22:22-76
17
18    <permission
18-->[androidx.core:core:1.12.0] AndroidManifest.xml:22:5-24:47
19        android:name="com.bombest.music.DYNAMIC_RECEIVER_NOT_EXPORTED_PERMISSION"
19-->[androidx.core:core:1.12.0] AndroidManifest.xml:23:9-81
20        android:protectionLevel="signature" />
20-->[androidx.core:core:1.12.0] AndroidManifest.xml:24:9-44
21
22    <uses-permission android:name="com.bombest.music.DYNAMIC_RECEIVER_NOT_EXPORTED_PERMISSION" />
22-->[androidx.core:core:1.12.0] AndroidManifest.xml:26:5-97
22-->[androidx.core:core:1.12.0] AndroidManifest.xml:26:22-94
23
24    <application
24-->src/main/AndroidManifest.xml:11:5-56:19
25        android:allowBackup="true"
25-->src/main/AndroidManifest.xml:12:9-35
26        android:appCategory="audio"
26-->src/main/AndroidManifest.xml:21:9-36
27        android:appComponentFactory="androidx.core.app.CoreComponentFactory"
27-->[androidx.core:core:1.12.0] AndroidManifest.xml:28:18-86
28        android:dataExtractionRules="@xml/data_extraction_rules"
28-->src/main/AndroidManifest.xml:13:9-65
29        android:debuggable="true"
30        android:extractNativeLibs="false"
31        android:fullBackupContent="@xml/backup_rules"
31-->src/main/AndroidManifest.xml:14:9-54
32        android:icon="@mipmap/ic_launcher"
32-->src/main/AndroidManifest.xml:15:9-43
33        android:label="Bombest Beats"
33-->src/main/AndroidManifest.xml:16:9-38
34        android:roundIcon="@mipmap/ic_launcher_round"
34-->src/main/AndroidManifest.xml:17:9-54
35        android:supportsRtl="true"
35-->src/main/AndroidManifest.xml:18:9-35
36        android:theme="@style/Theme.BombestBeats"
36-->src/main/AndroidManifest.xml:19:9-50
37        android:usesCleartextTraffic="true" >
37-->src/main/AndroidManifest.xml:20:9-44
38        <activity
38-->src/main/AndroidManifest.xml:24:9-32:20
39            android:name="com.bombest.music.LoginActivity"
39-->src/main/AndroidManifest.xml:25:13-42
40            android:exported="true"
40-->src/main/AndroidManifest.xml:26:13-36
41            android:theme="@style/Theme.BombestBeats.Splash" >
41-->src/main/AndroidManifest.xml:27:13-61
42            <intent-filter>
42-->src/main/AndroidManifest.xml:28:13-31:29
43                <action android:name="android.intent.action.MAIN" />
43-->src/main/AndroidManifest.xml:29:17-69
43-->src/main/AndroidManifest.xml:29:25-66
44
45                <category android:name="android.intent.category.LAUNCHER" />
45-->src/main/AndroidManifest.xml:30:17-77
45-->src/main/AndroidManifest.xml:30:27-74
46            </intent-filter>
47        </activity>
48        <activity
48-->src/main/AndroidManifest.xml:34:9-38:57
49            android:name="com.bombest.music.MainActivity"
49-->src/main/AndroidManifest.xml:35:13-41
50            android:configChanges="orientation|screenSize|screenLayout|keyboardHidden"
50-->src/main/AndroidManifest.xml:37:13-87
51            android:exported="false"
51-->src/main/AndroidManifest.xml:36:13-37
52            android:theme="@style/Theme.BombestBeats" />
52-->src/main/AndroidManifest.xml:38:13-54
53
54        <!-- Media3 Service for Background Playback & Android Auto -->
55        <service
55-->src/main/AndroidManifest.xml:41:9-49:19
56            android:name="com.bombest.music.service.BombestMediaService"
56-->src/main/AndroidManifest.xml:42:13-56
57            android:exported="true"
57-->src/main/AndroidManifest.xml:43:13-36
58            android:foregroundServiceType="mediaPlayback" >
58-->src/main/AndroidManifest.xml:44:13-58
59            <intent-filter>
59-->src/main/AndroidManifest.xml:45:13-48:29
60                <action android:name="androidx.media3.session.MediaSessionService" />
60-->src/main/AndroidManifest.xml:46:17-86
60-->src/main/AndroidManifest.xml:46:25-83
61                <action android:name="android.media.browse.MediaBrowserService" />
61-->src/main/AndroidManifest.xml:47:17-83
61-->src/main/AndroidManifest.xml:47:25-80
62            </intent-filter>
63        </service>
64
65        <!-- Android Auto Support -->
66        <meta-data
66-->src/main/AndroidManifest.xml:52:9-54:59
67            android:name="com.google.android.gms.car.application"
67-->src/main/AndroidManifest.xml:53:13-66
68            android:resource="@xml/automotive_app_desc" />
68-->src/main/AndroidManifest.xml:54:13-56
69
70        <service
70-->[androidx.credentials:credentials-play-services-auth:1.2.0] AndroidManifest.xml:24:9-32:19
71            android:name="androidx.credentials.playservices.CredentialProviderMetadataHolder"
71-->[androidx.credentials:credentials-play-services-auth:1.2.0] AndroidManifest.xml:25:13-94
72            android:enabled="true"
72-->[androidx.credentials:credentials-play-services-auth:1.2.0] AndroidManifest.xml:26:13-35
73            android:exported="false" >
73-->[androidx.credentials:credentials-play-services-auth:1.2.0] AndroidManifest.xml:27:13-37
74            <meta-data
74-->[androidx.credentials:credentials-play-services-auth:1.2.0] AndroidManifest.xml:29:13-31:104
75                android:name="androidx.credentials.CREDENTIAL_PROVIDER_KEY"
75-->[androidx.credentials:credentials-play-services-auth:1.2.0] AndroidManifest.xml:30:17-76
76                android:value="androidx.credentials.playservices.CredentialProviderPlayServicesImpl" />
76-->[androidx.credentials:credentials-play-services-auth:1.2.0] AndroidManifest.xml:31:17-101
77        </service>
78
79        <activity
79-->[androidx.credentials:credentials-play-services-auth:1.2.0] AndroidManifest.xml:34:9-41:20
80            android:name="androidx.credentials.playservices.HiddenActivity"
80-->[androidx.credentials:credentials-play-services-auth:1.2.0] AndroidManifest.xml:35:13-76
81            android:configChanges="orientation|screenSize|screenLayout|keyboardHidden"
81-->[androidx.credentials:credentials-play-services-auth:1.2.0] AndroidManifest.xml:36:13-87
82            android:enabled="true"
82-->[androidx.credentials:credentials-play-services-auth:1.2.0] AndroidManifest.xml:37:13-35
83            android:exported="false"
83-->[androidx.credentials:credentials-play-services-auth:1.2.0] AndroidManifest.xml:38:13-37
84            android:fitsSystemWindows="true"
84-->[androidx.credentials:credentials-play-services-auth:1.2.0] AndroidManifest.xml:39:13-45
85            android:theme="@style/Theme.Hidden" >
85-->[androidx.credentials:credentials-play-services-auth:1.2.0] AndroidManifest.xml:40:13-48
86        </activity>
87        <activity
87-->[com.google.android.gms:play-services-auth:20.7.0] AndroidManifest.xml:23:9-27:75
88            android:name="com.google.android.gms.auth.api.signin.internal.SignInHubActivity"
88-->[com.google.android.gms:play-services-auth:20.7.0] AndroidManifest.xml:24:13-93
89            android:excludeFromRecents="true"
89-->[com.google.android.gms:play-services-auth:20.7.0] AndroidManifest.xml:25:13-46
90            android:exported="false"
90-->[com.google.android.gms:play-services-auth:20.7.0] AndroidManifest.xml:26:13-37
91            android:theme="@android:style/Theme.Translucent.NoTitleBar" />
91-->[com.google.android.gms:play-services-auth:20.7.0] AndroidManifest.xml:27:13-72
92        <!--
93            Service handling Google Sign-In user revocation. For apps that do not integrate with
94            Google Sign-In, this service will never be started.
95        -->
96        <service
96-->[com.google.android.gms:play-services-auth:20.7.0] AndroidManifest.xml:33:9-37:51
97            android:name="com.google.android.gms.auth.api.signin.RevocationBoundService"
97-->[com.google.android.gms:play-services-auth:20.7.0] AndroidManifest.xml:34:13-89
98            android:exported="true"
98-->[com.google.android.gms:play-services-auth:20.7.0] AndroidManifest.xml:35:13-36
99            android:permission="com.google.android.gms.auth.api.signin.permission.REVOCATION_NOTIFICATION"
99-->[com.google.android.gms:play-services-auth:20.7.0] AndroidManifest.xml:36:13-107
100            android:visibleToInstantApps="true" />
100-->[com.google.android.gms:play-services-auth:20.7.0] AndroidManifest.xml:37:13-48
101
102        <activity
102-->[com.google.android.gms:play-services-base:18.0.1] AndroidManifest.xml:20:9-22:45
103            android:name="com.google.android.gms.common.api.GoogleApiActivity"
103-->[com.google.android.gms:play-services-base:18.0.1] AndroidManifest.xml:20:19-85
104            android:exported="false"
104-->[com.google.android.gms:play-services-base:18.0.1] AndroidManifest.xml:22:19-43
105            android:theme="@android:style/Theme.Translucent.NoTitleBar" />
105-->[com.google.android.gms:play-services-base:18.0.1] AndroidManifest.xml:21:19-78
106
107        <meta-data
107-->[com.google.android.gms:play-services-basement:18.2.0] AndroidManifest.xml:21:9-23:69
108            android:name="com.google.android.gms.version"
108-->[com.google.android.gms:play-services-basement:18.2.0] AndroidManifest.xml:22:13-58
109            android:value="@integer/google_play_services_version" />
109-->[com.google.android.gms:play-services-basement:18.2.0] AndroidManifest.xml:23:13-66
110
111        <provider
111-->[androidx.emoji2:emoji2:1.4.0] AndroidManifest.xml:24:9-32:20
112            android:name="androidx.startup.InitializationProvider"
112-->[androidx.emoji2:emoji2:1.4.0] AndroidManifest.xml:25:13-67
113            android:authorities="com.bombest.music.androidx-startup"
113-->[androidx.emoji2:emoji2:1.4.0] AndroidManifest.xml:26:13-68
114            android:exported="false" >
114-->[androidx.emoji2:emoji2:1.4.0] AndroidManifest.xml:27:13-37
115            <meta-data
115-->[androidx.emoji2:emoji2:1.4.0] AndroidManifest.xml:29:13-31:52
116                android:name="androidx.emoji2.text.EmojiCompatInitializer"
116-->[androidx.emoji2:emoji2:1.4.0] AndroidManifest.xml:30:17-75
117                android:value="androidx.startup" />
117-->[androidx.emoji2:emoji2:1.4.0] AndroidManifest.xml:31:17-49
118            <meta-data
118-->[androidx.lifecycle:lifecycle-process:2.6.2] AndroidManifest.xml:29:13-31:52
119                android:name="androidx.lifecycle.ProcessLifecycleInitializer"
119-->[androidx.lifecycle:lifecycle-process:2.6.2] AndroidManifest.xml:30:17-78
120                android:value="androidx.startup" />
120-->[androidx.lifecycle:lifecycle-process:2.6.2] AndroidManifest.xml:31:17-49
121            <meta-data
121-->[androidx.profileinstaller:profileinstaller:1.3.1] AndroidManifest.xml:29:13-31:52
122                android:name="androidx.profileinstaller.ProfileInstallerInitializer"
122-->[androidx.profileinstaller:profileinstaller:1.3.1] AndroidManifest.xml:30:17-85
123                android:value="androidx.startup" />
123-->[androidx.profileinstaller:profileinstaller:1.3.1] AndroidManifest.xml:31:17-49
124        </provider>
125
126        <receiver
126-->[androidx.profileinstaller:profileinstaller:1.3.1] AndroidManifest.xml:34:9-52:20
127            android:name="androidx.profileinstaller.ProfileInstallReceiver"
127-->[androidx.profileinstaller:profileinstaller:1.3.1] AndroidManifest.xml:35:13-76
128            android:directBootAware="false"
128-->[androidx.profileinstaller:profileinstaller:1.3.1] AndroidManifest.xml:36:13-44
129            android:enabled="true"
129-->[androidx.profileinstaller:profileinstaller:1.3.1] AndroidManifest.xml:37:13-35
130            android:exported="true"
130-->[androidx.profileinstaller:profileinstaller:1.3.1] AndroidManifest.xml:38:13-36
131            android:permission="android.permission.DUMP" >
131-->[androidx.profileinstaller:profileinstaller:1.3.1] AndroidManifest.xml:39:13-57
132            <intent-filter>
132-->[androidx.profileinstaller:profileinstaller:1.3.1] AndroidManifest.xml:40:13-42:29
133                <action android:name="androidx.profileinstaller.action.INSTALL_PROFILE" />
133-->[androidx.profileinstaller:profileinstaller:1.3.1] AndroidManifest.xml:41:17-91
133-->[androidx.profileinstaller:profileinstaller:1.3.1] AndroidManifest.xml:41:25-88
134            </intent-filter>
135            <intent-filter>
135-->[androidx.profileinstaller:profileinstaller:1.3.1] AndroidManifest.xml:43:13-45:29
136                <action android:name="androidx.profileinstaller.action.SKIP_FILE" />
136-->[androidx.profileinstaller:profileinstaller:1.3.1] AndroidManifest.xml:44:17-85
136-->[androidx.profileinstaller:profileinstaller:1.3.1] AndroidManifest.xml:44:25-82
137            </intent-filter>
138            <intent-filter>
138-->[androidx.profileinstaller:profileinstaller:1.3.1] AndroidManifest.xml:46:13-48:29
139                <action android:name="androidx.profileinstaller.action.SAVE_PROFILE" />
139-->[androidx.profileinstaller:profileinstaller:1.3.1] AndroidManifest.xml:47:17-88
139-->[androidx.profileinstaller:profileinstaller:1.3.1] AndroidManifest.xml:47:25-85
140            </intent-filter>
141            <intent-filter>
141-->[androidx.profileinstaller:profileinstaller:1.3.1] AndroidManifest.xml:49:13-51:29
142                <action android:name="androidx.profileinstaller.action.BENCHMARK_OPERATION" />
142-->[androidx.profileinstaller:profileinstaller:1.3.1] AndroidManifest.xml:50:17-95
142-->[androidx.profileinstaller:profileinstaller:1.3.1] AndroidManifest.xml:50:25-92
143            </intent-filter>
144        </receiver>
145    </application>
146
147</manifest>